<?xml version="1.0" encoding="UTF-8"?>
<coverage generated="1584458367">
  <project timestamp="1584458367">
    <package name="Bca">
      <file name="D:\htdocs\laravel_unit_test\packages\odenktools\php-bca\lib\Bca\BcaHelper.php">
        <class name="Bca\BcaHelper" namespace="Bca">
          <metrics complexity="13" methods="5" coveredmethods="5" conditionals="0" coveredconditionals="0" statements="32" coveredstatements="32" elements="37" coveredelements="37"/>
        </class>
        <line num="16" type="method" name="generateIsoTime" visibility="public" complexity="1" crap="1" count="7"/>
        <line num="18" type="stmt" count="7"/>
        <line num="19" type="stmt" count="7"/>
        <line num="20" type="stmt" count="7"/>
        <line num="21" type="stmt" count="7"/>
        <line num="23" type="stmt" count="7"/>
        <line num="37" type="method" name="generateSign" visibility="public" complexity="2" crap="2" count="9"/>
        <line num="39" type="stmt" count="9"/>
        <line num="40" type="stmt" count="9"/>
        <line num="41" type="stmt" count="3"/>
        <line num="42" type="stmt" count="3"/>
        <line num="43" type="stmt" count="3"/>
        <line num="45" type="stmt" count="9"/>
        <line num="46" type="stmt" count="9"/>
        <line num="48" type="stmt" count="9"/>
        <line num="58" type="method" name="mergeCurlOptions" visibility="public" complexity="1" crap="1" count="2"/>
        <line num="60" type="stmt" count="2"/>
        <line num="61" type="stmt" count="2"/>
        <line num="72" type="method" name="validateArray" visibility="public" complexity="4" crap="4" count="5"/>
        <line num="74" type="stmt" count="5"/>
        <line num="75" type="stmt" count="1"/>
        <line num="77" type="stmt" count="4"/>
        <line num="78" type="stmt" count="1"/>
        <line num="80" type="stmt" count="3"/>
        <line num="81" type="stmt" count="3"/>
        <line num="82" type="stmt" count="1"/>
        <line num="86" type="stmt" count="2"/>
        <line num="101" type="method" name="arrayImplode" visibility="public" complexity="5" crap="5" count="6"/>
        <line num="103" type="stmt" count="6"/>
        <line num="104" type="stmt" count="1"/>
        <line num="106" type="stmt" count="5"/>
        <line num="107" type="stmt" count="1"/>
        <line num="109" type="stmt" count="4"/>
        <line num="110" type="stmt" count="4"/>
        <line num="111" type="stmt" count="1"/>
        <line num="113" type="stmt" count="4"/>
        <line num="116" type="stmt" count="4"/>
        <metrics loc="117" ncloc="72" classes="1" methods="5" coveredmethods="5" conditionals="0" coveredconditionals="0" statements="32" coveredstatements="32" elements="37" coveredelements="37"/>
      </file>
      <file name="D:\htdocs\laravel_unit_test\packages\odenktools\php-bca\lib\Bca\BcaHttp.php">
        <class name="Bca\BcaHttp" namespace="Bca">
          <metrics complexity="30" methods="22" coveredmethods="22" conditionals="0" coveredconditionals="0" statements="205" coveredstatements="205" elements="227" coveredelements="227"/>
        </class>
        <line num="104" type="method" name="__construct" visibility="public" complexity="9" crap="9" count="20"/>
        <line num="107" type="stmt" count="20"/>
        <line num="108" type="stmt" count="20"/>
        <line num="109" type="stmt" count="20"/>
        <line num="110" type="stmt" count="20"/>
        <line num="111" type="stmt" count="20"/>
        <line num="112" type="stmt" count="20"/>
        <line num="113" type="stmt" count="20"/>
        <line num="115" type="stmt" count="20"/>
        <line num="116" type="stmt" count="7"/>
        <line num="117" type="stmt" count="7"/>
        <line num="122" type="stmt" count="20"/>
        <line num="123" type="stmt" count="1"/>
        <line num="124" type="stmt" count="1"/>
        <line num="126" type="stmt" count="19"/>
        <line num="127" type="stmt" count="19"/>
        <line num="131" type="stmt" count="20"/>
        <line num="132" type="stmt" count="2"/>
        <line num="133" type="stmt" count="2"/>
        <line num="135" type="stmt" count="18"/>
        <line num="136" type="stmt" count="18"/>
        <line num="140" type="stmt" count="20"/>
        <line num="141" type="stmt" count="1"/>
        <line num="142" type="stmt" count="1"/>
        <line num="144" type="stmt" count="19"/>
        <line num="145" type="stmt" count="19"/>
        <line num="149" type="stmt" count="20"/>
        <line num="150" type="stmt" count="1"/>
        <line num="151" type="stmt" count="1"/>
        <line num="153" type="stmt" count="19"/>
        <line num="154" type="stmt" count="19"/>
        <line num="158" type="stmt" count="20"/>
        <line num="159" type="stmt" count="1"/>
        <line num="160" type="stmt" count="1"/>
        <line num="162" type="stmt" count="19"/>
        <line num="163" type="stmt" count="19"/>
        <line num="167" type="stmt" count="20"/>
        <line num="170" type="stmt" count="20"/>
        <line num="171" type="stmt" count="1"/>
        <line num="172" type="stmt" count="1"/>
        <line num="174" type="stmt" count="20"/>
        <line num="181" type="method" name="getSettings" visibility="public" complexity="1" crap="1" count="12"/>
        <line num="183" type="stmt" count="12"/>
        <line num="195" type="method" name="ddnDomain" visibility="private" complexity="1" crap="1" count="8"/>
        <line num="197" type="stmt" count="8"/>
        <line num="205" type="method" name="httpAuth" visibility="public" complexity="1" crap="1" count="1"/>
        <line num="207" type="stmt" count="1"/>
        <line num="208" type="stmt" count="1"/>
        <line num="210" type="stmt" count="1"/>
        <line num="212" type="stmt" count="1"/>
        <line num="214" type="stmt" count="1"/>
        <line num="215" type="stmt" count="1"/>
        <line num="216" type="stmt" count="1"/>
        <line num="218" type="stmt" count="1"/>
        <line num="219" type="stmt" count="1"/>
        <line num="220" type="stmt" count="1"/>
        <line num="222" type="stmt" count="1"/>
        <line num="234" type="method" name="getBalanceInfo" visibility="public" complexity="1" crap="1" count="1"/>
        <line num="236" type="stmt" count="1"/>
        <line num="238" type="stmt" count="1"/>
        <line num="240" type="stmt" count="1"/>
        <line num="241" type="stmt" count="1"/>
        <line num="242" type="stmt" count="1"/>
        <line num="244" type="stmt" count="1"/>
        <line num="245" type="stmt" count="1"/>
        <line num="246" type="stmt" count="1"/>
        <line num="248" type="stmt" count="1"/>
        <line num="249" type="stmt" count="1"/>
        <line num="250" type="stmt" count="1"/>
        <line num="251" type="stmt" count="1"/>
        <line num="252" type="stmt" count="1"/>
        <line num="253" type="stmt" count="1"/>
        <line num="254" type="stmt" count="1"/>
        <line num="256" type="stmt" count="1"/>
        <line num="257" type="stmt" count="1"/>
        <line num="258" type="stmt" count="1"/>
        <line num="260" type="stmt" count="1"/>
        <line num="262" type="stmt" count="1"/>
        <line num="263" type="stmt" count="1"/>
        <line num="265" type="stmt" count="1"/>
        <line num="279" type="method" name="getAccountStatement" visibility="public" complexity="1" crap="1" count="1"/>
        <line num="281" type="stmt" count="1"/>
        <line num="282" type="stmt" count="1"/>
        <line num="283" type="stmt" count="1"/>
        <line num="284" type="stmt" count="1"/>
        <line num="285" type="stmt" count="1"/>
        <line num="286" type="stmt" count="1"/>
        <line num="287" type="stmt" count="1"/>
        <line num="288" type="stmt" count="1"/>
        <line num="289" type="stmt" count="1"/>
        <line num="290" type="stmt" count="1"/>
        <line num="291" type="stmt" count="1"/>
        <line num="292" type="stmt" count="1"/>
        <line num="293" type="stmt" count="1"/>
        <line num="294" type="stmt" count="1"/>
        <line num="296" type="stmt" count="1"/>
        <line num="297" type="stmt" count="1"/>
        <line num="298" type="stmt" count="1"/>
        <line num="299" type="stmt" count="1"/>
        <line num="314" type="method" name="getAtmLocation" visibility="public" complexity="1" crap="1" count="1"/>
        <line num="322" type="stmt" count="1"/>
        <line num="323" type="stmt" count="1"/>
        <line num="324" type="stmt" count="1"/>
        <line num="325" type="stmt" count="1"/>
        <line num="326" type="stmt" count="1"/>
        <line num="327" type="stmt" count="1"/>
        <line num="328" type="stmt" count="1"/>
        <line num="330" type="stmt" count="1"/>
        <line num="332" type="stmt" count="1"/>
        <line num="333" type="stmt" count="1"/>
        <line num="334" type="stmt" count="1"/>
        <line num="336" type="stmt" count="1"/>
        <line num="337" type="stmt" count="1"/>
        <line num="338" type="stmt" count="1"/>
        <line num="339" type="stmt" count="1"/>
        <line num="340" type="stmt" count="1"/>
        <line num="341" type="stmt" count="1"/>
        <line num="342" type="stmt" count="1"/>
        <line num="344" type="stmt" count="1"/>
        <line num="345" type="stmt" count="1"/>
        <line num="346" type="stmt" count="1"/>
        <line num="348" type="stmt" count="1"/>
        <line num="349" type="stmt" count="1"/>
        <line num="350" type="stmt" count="1"/>
        <line num="352" type="stmt" count="1"/>
        <line num="365" type="method" name="getForexRate" visibility="public" complexity="1" crap="1" count="1"/>
        <line num="371" type="stmt" count="1"/>
        <line num="372" type="stmt" count="1"/>
        <line num="373" type="stmt" count="1"/>
        <line num="374" type="stmt" count="1"/>
        <line num="376" type="stmt" count="1"/>
        <line num="378" type="stmt" count="1"/>
        <line num="379" type="stmt" count="1"/>
        <line num="380" type="stmt" count="1"/>
        <line num="382" type="stmt" count="1"/>
        <line num="383" type="stmt" count="1"/>
        <line num="384" type="stmt" count="1"/>
        <line num="385" type="stmt" count="1"/>
        <line num="386" type="stmt" count="1"/>
        <line num="387" type="stmt" count="1"/>
        <line num="388" type="stmt" count="1"/>
        <line num="390" type="stmt" count="1"/>
        <line num="391" type="stmt" count="1"/>
        <line num="392" type="stmt" count="1"/>
        <line num="394" type="stmt" count="1"/>
        <line num="395" type="stmt" count="1"/>
        <line num="396" type="stmt" count="1"/>
        <line num="398" type="stmt" count="1"/>
        <line num="416" type="method" name="fundTransfers" visibility="public" complexity="1" crap="1" count="2"/>
        <line num="428" type="stmt" count="2"/>
        <line num="430" type="stmt" count="2"/>
        <line num="432" type="stmt" count="2"/>
        <line num="433" type="stmt" count="2"/>
        <line num="434" type="stmt" count="2"/>
        <line num="435" type="stmt" count="2"/>
        <line num="436" type="stmt" count="2"/>
        <line num="437" type="stmt" count="2"/>
        <line num="439" type="stmt" count="2"/>
        <line num="440" type="stmt" count="2"/>
        <line num="441" type="stmt" count="2"/>
        <line num="443" type="stmt" count="2"/>
        <line num="444" type="stmt" count="2"/>
        <line num="445" type="stmt" count="2"/>
        <line num="446" type="stmt" count="2"/>
        <line num="447" type="stmt" count="2"/>
        <line num="448" type="stmt" count="2"/>
        <line num="449" type="stmt" count="2"/>
        <line num="450" type="stmt" count="2"/>
        <line num="451" type="stmt" count="2"/>
        <line num="452" type="stmt" count="2"/>
        <line num="453" type="stmt" count="2"/>
        <line num="456" type="stmt" count="2"/>
        <line num="458" type="stmt" count="2"/>
        <line num="460" type="stmt" count="2"/>
        <line num="463" type="stmt" count="2"/>
        <line num="465" type="stmt" count="2"/>
        <line num="466" type="stmt" count="2"/>
        <line num="468" type="stmt" count="1"/>
        <line num="478" type="method" name="getDepositRate" visibility="public" complexity="1" crap="1" count="1"/>
        <line num="480" type="stmt" count="1"/>
        <line num="481" type="stmt" count="1"/>
        <line num="482" type="stmt" count="1"/>
        <line num="484" type="stmt" count="1"/>
        <line num="485" type="stmt" count="1"/>
        <line num="486" type="stmt" count="1"/>
        <line num="487" type="stmt" count="1"/>
        <line num="488" type="stmt" count="1"/>
        <line num="489" type="stmt" count="1"/>
        <line num="490" type="stmt" count="1"/>
        <line num="492" type="stmt" count="1"/>
        <line num="493" type="stmt" count="1"/>
        <line num="494" type="stmt" count="1"/>
        <line num="496" type="stmt" count="1"/>
        <line num="498" type="stmt" count="1"/>
        <line num="499" type="stmt" count="1"/>
        <line num="501" type="stmt" count="1"/>
        <line num="511" type="method" name="setTimeZone" visibility="public" complexity="1" crap="1" count="1"/>
        <line num="513" type="stmt" count="1"/>
        <line num="514" type="stmt" count="1"/>
        <line num="522" type="method" name="getTimeZone" visibility="public" complexity="1" crap="1" count="8"/>
        <line num="524" type="stmt" count="8"/>
        <line num="534" type="method" name="setHostName" visibility="public" complexity="1" crap="1" count="1"/>
        <line num="536" type="stmt" count="1"/>
        <line num="537" type="stmt" count="1"/>
        <line num="545" type="method" name="getHostName" visibility="public" complexity="1" crap="1" count="21"/>
        <line num="547" type="stmt" count="21"/>
        <line num="555" type="method" name="getTimeOut" visibility="public" complexity="1" crap="1" count="20"/>
        <line num="557" type="stmt" count="20"/>
        <line num="565" type="method" name="getCurlOptions" visibility="public" complexity="1" crap="1" count="1"/>
        <line num="567" type="stmt" count="1"/>
        <line num="576" type="method" name="setCurlOptions" visibility="public" complexity="1" crap="1" count="1"/>
        <line num="578" type="stmt" count="1"/>
        <line num="579" type="stmt" count="1"/>
        <line num="580" type="stmt" count="1"/>
        <line num="590" type="method" name="setTimeOut" visibility="public" complexity="1" crap="1" count="1"/>
        <line num="592" type="stmt" count="1"/>
        <line num="593" type="stmt" count="1"/>
        <line num="603" type="method" name="setPort" visibility="public" complexity="1" crap="1" count="1"/>
        <line num="605" type="stmt" count="1"/>
        <line num="606" type="stmt" count="1"/>
        <line num="614" type="method" name="getPort" visibility="public" complexity="1" crap="1" count="20"/>
        <line num="616" type="stmt" count="20"/>
        <line num="626" type="method" name="setScheme" visibility="public" complexity="1" crap="1" count="1"/>
        <line num="628" type="stmt" count="1"/>
        <line num="629" type="stmt" count="1"/>
        <line num="637" type="method" name="getScheme" visibility="public" complexity="1" crap="1" count="20"/>
        <line num="639" type="stmt" count="20"/>
        <metrics loc="641" ncloc="411" classes="1" methods="22" coveredmethods="22" conditionals="0" coveredconditionals="0" statements="205" coveredstatements="205" elements="227" coveredelements="227"/>
      </file>
    </package>
    <metrics files="2" loc="758" ncloc="483" classes="2" methods="27" coveredmethods="27" conditionals="0" coveredconditionals="0" statements="237" coveredstatements="237" elements="264" coveredelements="264"/>
  </project>
</coverage>
